Watching for file changes with StatReloader
System check identified some issues:

WARNINGS:
?: (staticfiles.W004) The directory 'C:\Users\amer\Desktop\JOPCA\banking_dcpr\frontend_admin\dist' in the STATICFILES_DIRS setting does not exist.
?: (staticfiles.W004) The directory 'C:\Users\amer\Desktop\JOPCA\banking_dcpr\static' in the STATICFILES_DIRS setting does not exist.

System check identified 2 issues (0 silenced).
C:\Users\amer\Desktop\JOPCA\banking_dcpr\banking_dcpr\settings.py changed, reloading.
Performing system checks...

March 19, 2026 - 20:35:45
Django version 6.0.3, using settings 'banking_dcpr.settings'
Starting development server at http://127.0.0.1:8000/
Quit the server with CTRL-BREAK.

WARNING: This is a development server. Do not use it in a production setting. Use a production WSGI or ASGI server instead.
For more information on production servers see: https://docs.djangoproject.com/en/6.0/howto/deployment/
System check identified some issues:

WARNINGS:
?: (staticfiles.W004) The directory 'C:\Users\amer\Desktop\JOPCA\banking_dcpr\frontend_admin\dist' in the STATICFILES_DIRS setting does not exist.
?: (staticfiles.W004) The directory 'C:\Users\amer\Desktop\JOPCA\banking_dcpr\static' in the STATICFILES_DIRS setting does not exist.

System check identified 2 issues (0 silenced).
Performing system checks...

March 19, 2026 - 20:47:51
Django version 6.0.3, using settings 'banking_dcpr.settings'
Starting development server at http://127.0.0.1:8000/
Quit the server with CTRL-BREAK.

WARNING: This is a development server. Do not use it in a production setting. Use a production WSGI or ASGI server instead.
For more information on production servers see: https://docs.djangoproject.com/en/6.0/howto/deployment/
System check identified some issues:

WARNINGS:
?: (staticfiles.W004) The directory 'C:\Users\amer\Desktop\JOPCA\banking_dcpr\frontend_admin\dist' in the STATICFILES_DIRS setting does not exist.
?: (staticfiles.W004) The directory 'C:\Users\amer\Desktop\JOPCA\banking_dcpr\static' in the STATICFILES_DIRS setting does not exist.

System check identified 2 issues (0 silenced).
Performing system checks...

March 19, 2026 - 20:48:15
Django version 6.0.3, using settings 'banking_dcpr.settings'
Starting development server at http://127.0.0.1:8000/
Quit the server with CTRL-BREAK.

WARNING: This is a development server. Do not use it in a production setting. Use a production WSGI or ASGI server instead.
For more information on production servers see: https://docs.djangoproject.com/en/6.0/howto/deployment/
System check identified some issues:

WARNINGS:
?: (staticfiles.W004) The directory 'C:\Users\amer\Desktop\JOPCA\banking_dcpr\frontend_admin\dist' in the STATICFILES_DIRS setting does not exist.
?: (staticfiles.W004) The directory 'C:\Users\amer\Desktop\JOPCA\banking_dcpr\static' in the STATICFILES_DIRS setting does not exist.

System check identified 2 issues (0 silenced).
Performing system checks...

March 19, 2026 - 20:48:19
Django version 6.0.3, using settings 'banking_dcpr.settings'
Starting development server at http://127.0.0.1:8000/
Quit the server with CTRL-BREAK.

WARNING: This is a development server. Do not use it in a production setting. Use a production WSGI or ASGI server instead.
For more information on production servers see: https://docs.djangoproject.com/en/6.0/howto/deployment/
System check identified some issues:

WARNINGS:
?: (staticfiles.W004) The directory 'C:\Users\amer\Desktop\JOPCA\banking_dcpr\frontend_admin\dist' in the STATICFILES_DIRS setting does not exist.
?: (staticfiles.W004) The directory 'C:\Users\amer\Desktop\JOPCA\banking_dcpr\static' in the STATICFILES_DIRS setting does not exist.

System check identified 2 issues (0 silenced).
Performing system checks...

March 19, 2026 - 20:48:25
Django version 6.0.3, using settings 'banking_dcpr.settings'
Starting development server at http://127.0.0.1:8000/
Quit the server with CTRL-BREAK.

WARNING: This is a development server. Do not use it in a production setting. Use a production WSGI or ASGI server instead.
For more information on production servers see: https://docs.djangoproject.com/en/6.0/howto/deployment/
System check identified some issues:

WARNINGS:
?: (staticfiles.W004) The directory 'C:\Users\amer\Desktop\JOPCA\banking_dcpr\frontend_admin\dist' in the STATICFILES_DIRS setting does not exist.
?: (staticfiles.W004) The directory 'C:\Users\amer\Desktop\JOPCA\banking_dcpr\static' in the STATICFILES_DIRS setting does not exist.

System check identified 2 issues (0 silenced).
Performing system checks...

March 19, 2026 - 20:48:32
Django version 6.0.3, using settings 'banking_dcpr.settings'
Starting development server at http://127.0.0.1:8000/
Quit the server with CTRL-BREAK.

WARNING: This is a development server. Do not use it in a production setting. Use a production WSGI or ASGI server instead.
For more information on production servers see: https://docs.djangoproject.com/en/6.0/howto/deployment/
System check identified some issues:

WARNINGS:
?: (staticfiles.W004) The directory 'C:\Users\amer\Desktop\JOPCA\banking_dcpr\frontend_admin\dist' in the STATICFILES_DIRS setting does not exist.
?: (staticfiles.W004) The directory 'C:\Users\amer\Desktop\JOPCA\banking_dcpr\static' in the STATICFILES_DIRS setting does not exist.

System check identified 2 issues (0 silenced).
Performing system checks...

March 19, 2026 - 20:48:39
Django version 6.0.3, using settings 'banking_dcpr.settings'
Starting development server at http://127.0.0.1:8000/
Quit the server with CTRL-BREAK.

WARNING: This is a development server. Do not use it in a production setting. Use a production WSGI or ASGI server instead.
For more information on production servers see: https://docs.djangoproject.com/en/6.0/howto/deployment/
System check identified some issues:

WARNINGS:
?: (staticfiles.W004) The directory 'C:\Users\amer\Desktop\JOPCA\banking_dcpr\frontend_admin\dist' in the STATICFILES_DIRS setting does not exist.
?: (staticfiles.W004) The directory 'C:\Users\amer\Desktop\JOPCA\banking_dcpr\static' in the STATICFILES_DIRS setting does not exist.

System check identified 2 issues (0 silenced).
Performing system checks...

March 19, 2026 - 20:48:43
Django version 6.0.3, using settings 'banking_dcpr.settings'
Starting development server at http://127.0.0.1:8000/
Quit the server with CTRL-BREAK.

WARNING: This is a development server. Do not use it in a production setting. Use a production WSGI or ASGI server instead.
For more information on production servers see: https://docs.djangoproject.com/en/6.0/howto/deployment/
System check identified some issues:

WARNINGS:
?: (staticfiles.W004) The directory 'C:\Users\amer\Desktop\JOPCA\banking_dcpr\frontend_admin\dist' in the STATICFILES_DIRS setting does not exist.
?: (staticfiles.W004) The directory 'C:\Users\amer\Desktop\JOPCA\banking_dcpr\static' in the STATICFILES_DIRS setting does not exist.

System check identified 2 issues (0 silenced).
[19/Mar/2026 20:49:02] "GET /summary/pcf-alerts/ HTTP/1.1" 200 13
[19/Mar/2026 20:49:02] "GET /summary/detailed-daily/ HTTP/1.1" 200 1986
[19/Mar/2026 20:49:02] "GET /pdc/ HTTP/1.1" 200 1761
[19/Mar/2026 20:49:05] "GET /pdc/ HTTP/1.1" 200 1761
[19/Mar/2026 20:49:17] "GET /pdc/ HTTP/1.1" 200 1761
[19/Mar/2026 20:49:17] "GET /summary/pcf-alerts/ HTTP/1.1" 200 13
[19/Mar/2026 20:49:17] "GET /summary/detailed-daily/ HTTP/1.1" 200 1986
[19/Mar/2026 20:49:17] "GET /bankaccounts/ HTTP/1.1" 200 659
[19/Mar/2026 20:49:18] "GET /bankaccounts/ HTTP/1.1" 200 659
[19/Mar/2026 20:49:18] "GET /bankaccounts/ HTTP/1.1" 200 659
[19/Mar/2026 20:49:18] "GET /bankaccounts/ HTTP/1.1" 200 659
[19/Mar/2026 20:50:46] "GET /pdc/ HTTP/1.1" 200 1761
[19/Mar/2026 20:50:46] "GET /summary/pcf-alerts/ HTTP/1.1" 200 13
[19/Mar/2026 20:50:46] "GET /summary/detailed-daily/ HTTP/1.1" 200 1986
[19/Mar/2026 20:50:47] "GET /bankaccounts/ HTTP/1.1" 200 659
[19/Mar/2026 20:50:47] "GET /bankaccounts/ HTTP/1.1" 200 659
[19/Mar/2026 20:50:47] "GET /bankaccounts/ HTTP/1.1" 200 659
[19/Mar/2026 20:50:47] "GET /bankaccounts/ HTTP/1.1" 200 659
Performing system checks...

March 19, 2026 - 20:48:49
Django version 6.0.3, using settings 'banking_dcpr.settings'
Starting development server at http://127.0.0.1:8000/
Quit the server with CTRL-BREAK.

WARNING: This is a development server. Do not use it in a production setting. Use a production WSGI or ASGI server instead.
For more information on production servers see: https://docs.djangoproject.com/en/6.0/howto/deployment/
System check identified some issues:

WARNINGS:
?: (staticfiles.W004) The directory 'C:\Users\amer\Desktop\JOPCA\banking_dcpr\frontend_admin\dist' in the STATICFILES_DIRS setting does not exist.
?: (staticfiles.W004) The directory 'C:\Users\amer\Desktop\JOPCA\banking_dcpr\static' in the STATICFILES_DIRS setting does not exist.

System check identified 2 issues (0 silenced).
Performing system checks...

March 19, 2026 - 20:51:05
Django version 6.0.3, using settings 'banking_dcpr.settings'
Starting development server at http://127.0.0.1:8000/
Quit the server with CTRL-BREAK.

WARNING: This is a development server. Do not use it in a production setting. Use a production WSGI or ASGI server instead.
For more information on production servers see: https://docs.djangoproject.com/en/6.0/howto/deployment/
System check identified some issues:

WARNINGS:
?: (staticfiles.W004) The directory 'C:\Users\amer\Desktop\JOPCA\banking_dcpr\frontend_admin\dist' in the STATICFILES_DIRS setting does not exist.
?: (staticfiles.W004) The directory 'C:\Users\amer\Desktop\JOPCA\banking_dcpr\static' in the STATICFILES_DIRS setting does not exist.

System check identified 2 issues (0 silenced).
[19/Mar/2026 20:52:03] "GET /bankaccounts/ HTTP/1.1" 200 659
[19/Mar/2026 20:52:03] "GET /bankaccounts/ HTTP/1.1" 200 659
[19/Mar/2026 20:52:03] "GET /bankaccounts/ HTTP/1.1" 200 659
[19/Mar/2026 20:52:03] "GET /bankaccounts/ HTTP/1.1" 200 659
[19/Mar/2026 20:52:03] "GET /summary/detailed-daily/ HTTP/1.1" 200 1986
[19/Mar/2026 20:52:06] "GET /summary/pcf-alerts/ HTTP/1.1" 200 13
[19/Mar/2026 20:52:06] "GET /summary/pcf-alerts/ HTTP/1.1" 200 13
[19/Mar/2026 20:52:06] "GET /pdc/ HTTP/1.1" 200 1761
[19/Mar/2026 20:52:06] "GET /pdc/ HTTP/1.1" 200 1761
[19/Mar/2026 20:52:06] "GET /summary/detailed-daily/ HTTP/1.1" 200 1986
[19/Mar/2026 20:52:06] "GET /summary/detailed-daily/ HTTP/1.1" 200 1986
[19/Mar/2026 20:52:07] "GET /admin/authtoken/tokenproxy/ HTTP/1.1" 302 0
[19/Mar/2026 20:52:08] "GET /admin/login/?next=/admin/authtoken/tokenproxy/ HTTP/1.1" 200 4122
[19/Mar/2026 20:52:08] "GET /static/admin/css/base.css HTTP/1.1" 404 179
[19/Mar/2026 20:52:08] "GET /static/admin/css/dark_mode.css HTTP/1.1" 404 179
[19/Mar/2026 20:52:08] "GET /static/admin/css/login.css HTTP/1.1" 404 179
[19/Mar/2026 20:52:08] "GET /static/admin/css/nav_sidebar.css HTTP/1.1" 404 179
[19/Mar/2026 20:52:08] "GET /static/admin/css/responsive.css HTTP/1.1" 404 179
[19/Mar/2026 20:52:08] "GET /static/admin/js/nav_sidebar.js HTTP/1.1" 404 179
[19/Mar/2026 20:52:08] "GET /static/admin/js/theme.js HTTP/1.1" 404 179
[19/Mar/2026 20:52:08] "GET /static/admin/css/nav_sidebar.css HTTP/1.1" 404 179
[19/Mar/2026 20:52:08] "GET /static/admin/css/login.css HTTP/1.1" 404 179
[19/Mar/2026 20:52:08] "GET /static/admin/css/responsive.css HTTP/1.1" 404 179
[19/Mar/2026 20:52:09] "GET /admin/login/?next=/admin/authtoken/tokenproxy/ HTTP/1.1" 200 4122
[19/Mar/2026 20:52:09] "GET /static/admin/js/theme.js HTTP/1.1" 404 179
[19/Mar/2026 20:52:09] "GET /static/admin/css/responsive.css HTTP/1.1" 404 179
[19/Mar/2026 20:52:09] "GET /static/admin/css/login.css HTTP/1.1" 404 179
[19/Mar/2026 20:52:09] "GET /static/admin/css/nav_sidebar.css HTTP/1.1" 404 179
[19/Mar/2026 20:52:09] "GET /static/admin/css/dark_mode.css HTTP/1.1" 404 179
[19/Mar/2026 20:52:09] "GET /static/admin/css/base.css HTTP/1.1" 404 179
[19/Mar/2026 20:52:09] "GET /static/admin/js/nav_sidebar.js HTTP/1.1" 404 179
[19/Mar/2026 20:52:09] "GET /static/admin/css/login.css HTTP/1.1" 404 179
[19/Mar/2026 20:52:09] "GET /static/admin/css/responsive.css HTTP/1.1" 404 179
[19/Mar/2026 20:52:09] "GET /static/admin/css/nav_sidebar.css HTTP/1.1" 404 179
[19/Mar/2026 20:52:11] "GET /admin/login/?next=/admin/authtoken/tokenproxy/ HTTP/1.1" 200 4122
[19/Mar/2026 20:52:11] "GET /static/admin/css/nav_sidebar.css HTTP/1.1" 404 179
[19/Mar/2026 20:52:11] "GET /static/admin/css/login.css HTTP/1.1" 404 179
[19/Mar/2026 20:52:11] "GET /static/admin/js/theme.js HTTP/1.1" 404 179
[19/Mar/2026 20:52:11] "GET /static/admin/css/base.css HTTP/1.1" 404 179
[19/Mar/2026 20:52:11] "GET /static/admin/css/dark_mode.css HTTP/1.1" 404 179
[19/Mar/2026 20:52:11] "GET /static/admin/css/responsive.css HTTP/1.1" 404 179
[19/Mar/2026 20:52:11] "GET /static/admin/css/login.css HTTP/1.1" 404 179
[19/Mar/2026 20:52:11] "GET /static/admin/css/nav_sidebar.css HTTP/1.1" 404 179
[19/Mar/2026 20:52:11] "GET /static/admin/js/nav_sidebar.js HTTP/1.1" 404 179
[19/Mar/2026 20:52:49] "GET /bankaccounts/ HTTP/1.1" 200 659
[19/Mar/2026 20:52:49] "GET /bankaccounts/ HTTP/1.1" 200 659
[19/Mar/2026 20:52:49] "GET /bankaccounts/ HTTP/1.1" 200 659
[19/Mar/2026 20:52:49] "GET /bankaccounts/ HTTP/1.1" 200 659
[19/Mar/2026 20:52:49] "GET /summary/detailed-daily/ HTTP/1.1" 200 1986
[19/Mar/2026 20:52:49] "GET /bankaccounts/ HTTP/1.1" 200 659
[19/Mar/2026 20:52:49] "GET /bankaccounts/ HTTP/1.1" 200 659
[19/Mar/2026 20:52:49] "GET /bankaccounts/ HTTP/1.1" 200 659
[19/Mar/2026 20:52:49] "GET /bankaccounts/ HTTP/1.1" 200 659
[19/Mar/2026 20:52:49] "GET /summary/detailed-daily/ HTTP/1.1" 200 1986
[19/Mar/2026 20:53:05] "POST /api-token-auth/ HTTP/1.1" 200 52
Performing system checks...

March 19, 2026 - 20:51:11
Django version 6.0.3, using settings 'banking_dcpr.settings'
Starting development server at http://127.0.0.1:8000/
Quit the server with CTRL-BREAK.

WARNING: This is a development server. Do not use it in a production setting. Use a production WSGI or ASGI server instead.
For more information on production servers see: https://docs.djangoproject.com/en/6.0/howto/deployment/
Watching for file changes with StatReloader
System check identified some issues:

WARNINGS:
?: (staticfiles.W004) The directory 'C:\Users\amer\Desktop\JOPCA\banking_dcpr\frontend_admin\dist' in the STATICFILES_DIRS setting does not exist.
?: (staticfiles.W004) The directory 'C:\Users\amer\Desktop\JOPCA\banking_dcpr\static' in the STATICFILES_DIRS setting does not exist.

System check identified 2 issues (0 silenced).
Session data corrupted
[19/Mar/2026 20:54:12] "GET /admin/login/?next=/admin/authtoken/tokenproxy/ HTTP/1.1" 200 4122
[19/Mar/2026 20:54:12] "GET /static/admin/css/base.css HTTP/1.1" 200 23100
[19/Mar/2026 20:54:12] "GET /static/admin/css/nav_sidebar.css HTTP/1.1" 200 2810
[19/Mar/2026 20:54:12] "GET /static/admin/css/dark_mode.css HTTP/1.1" 200 3538
[19/Mar/2026 20:54:12] "GET /static/admin/css/responsive.css HTTP/1.1" 200 16273
[19/Mar/2026 20:54:12] "GET /static/admin/css/login.css HTTP/1.1" 200 951
[19/Mar/2026 20:54:12] "GET /static/admin/js/nav_sidebar.js HTTP/1.1" 200 3063
[19/Mar/2026 20:54:12] "GET /static/admin/js/theme.js HTTP/1.1" 200 1653
Session data corrupted
[19/Mar/2026 20:54:18] "POST /admin/login/?next=/admin/authtoken/tokenproxy/ HTTP/1.1" 302 0
[19/Mar/2026 20:54:19] "GET /admin/authtoken/tokenproxy/ HTTP/1.1" 200 15467
[19/Mar/2026 20:54:19] "GET /static/admin/js/vendor/jquery/jquery.js HTTP/1.1" 304 0
[19/Mar/2026 20:54:19] "GET /static/admin/js/admin/RelatedObjectLookups.js HTTP/1.1" 304 0
[19/Mar/2026 20:54:19] "GET /static/admin/js/core.js HTTP/1.1" 304 0
[19/Mar/2026 20:54:19] "GET /static/admin/js/actions.js HTTP/1.1" 304 0
[19/Mar/2026 20:54:19] "GET /static/admin/js/prepopulate.js HTTP/1.1" 304 0
[19/Mar/2026 20:54:19] "GET /static/admin/js/jquery.init.js HTTP/1.1" 304 0
[19/Mar/2026 20:54:19] "GET /static/admin/js/urlify.js HTTP/1.1" 304 0
[19/Mar/2026 20:54:19] "GET /static/admin/css/changelists.css HTTP/1.1" 304 0
[19/Mar/2026 20:54:19] "GET /static/admin/js/vendor/xregexp/xregexp.js HTTP/1.1" 304 0
[19/Mar/2026 20:54:19] "GET /static/admin/img/search.svg HTTP/1.1" 304 0
[19/Mar/2026 20:54:19] "GET /static/admin/js/filters.js HTTP/1.1" 304 0
[19/Mar/2026 20:54:19] "GET /static/admin/img/icon-addlink.svg HTTP/1.1" 304 0
[19/Mar/2026 20:54:19] "GET /static/admin/img/icon-viewlink.svg HTTP/1.1" 304 0
[19/Mar/2026 20:54:19] "GET /static/admin/img/tooltag-add.svg HTTP/1.1" 304 0
[19/Mar/2026 20:54:20] "GET /admin/authtoken/tokenproxy/ HTTP/1.1" 200 15467
[19/Mar/2026 20:54:28] "POST /api-token-auth/ HTTP/1.1" 200 52
[19/Mar/2026 20:54:33] "GET /admin/authtoken/tokenproxy/1/change/ HTTP/1.1" 200 14564
[19/Mar/2026 20:54:33] "GET /static/admin/css/forms.css HTTP/1.1" 200 8831
[19/Mar/2026 20:54:33] "GET /admin/jsi18n/ HTTP/1.1" 200 3342
[19/Mar/2026 20:54:33] "GET /static/admin/js/prepopulate_init.js HTTP/1.1" 200 586
[19/Mar/2026 20:54:33] "GET /static/admin/img/icon-changelink.svg HTTP/1.1" 304 0
[19/Mar/2026 20:54:33] "GET /static/admin/css/widgets.css HTTP/1.1" 200 11811
[19/Mar/2026 20:54:33] "GET /static/admin/js/change_form.js HTTP/1.1" 200 606
[19/Mar/2026 20:54:35] "POST /admin/authtoken/tokenproxy/1/change/ HTTP/1.1" 302 0
[19/Mar/2026 20:54:35] "GET /admin/authtoken/tokenproxy/ HTTP/1.1" 200 15707
[19/Mar/2026 20:54:35] "GET /static/admin/img/icon-yes-dark.svg HTTP/1.1" 200 558
[19/Mar/2026 20:54:35] "GET /admin/authtoken/tokenproxy/ HTTP/1.1" 200 15467
[19/Mar/2026 20:54:38] "POST /api-token-auth/ HTTP/1.1" 200 52
[19/Mar/2026 20:54:47] "GET /admin/authtoken/tokenproxy/ HTTP/1.1" 200 15467
C:\Users\amer\Desktop\JOPCA\banking_dcpr\core\models.py changed, reloading.
Performing system checks...

March 19, 2026 - 20:53:35
Django version 6.0.3, using settings 'banking_dcpr.settings'
Starting development server at http://127.0.0.1:8000/
Quit the server with CTRL-BREAK.

WARNING: This is a development server. Do not use it in a production setting. Use a production WSGI or ASGI server instead.
For more information on production servers see: https://docs.djangoproject.com/en/6.0/howto/deployment/
Watching for file changes with StatReloader
System check identified some issues:

WARNINGS:
?: (staticfiles.W004) The directory 'C:\Users\amer\Desktop\JOPCA\banking_dcpr\frontend_admin\dist' in the STATICFILES_DIRS setting does not exist.
?: (staticfiles.W004) The directory 'C:\Users\amer\Desktop\JOPCA\banking_dcpr\static' in the STATICFILES_DIRS setting does not exist.

System check identified 2 issues (0 silenced).
C:\Users\amer\Desktop\JOPCA\banking_dcpr\core\views.py changed, reloading.
Performing system checks...

March 19, 2026 - 20:57:10
Django version 6.0.3, using settings 'banking_dcpr.settings'
Starting development server at http://127.0.0.1:8000/
Quit the server with CTRL-BREAK.

WARNING: This is a development server. Do not use it in a production setting. Use a production WSGI or ASGI server instead.
For more information on production servers see: https://docs.djangoproject.com/en/6.0/howto/deployment/
Watching for file changes with StatReloader
System check identified some issues:

WARNINGS:
?: (staticfiles.W004) The directory 'C:\Users\amer\Desktop\JOPCA\banking_dcpr\frontend_admin\dist' in the STATICFILES_DIRS setting does not exist.
?: (staticfiles.W004) The directory 'C:\Users\amer\Desktop\JOPCA\banking_dcpr\static' in the STATICFILES_DIRS setting does not exist.

System check identified 2 issues (0 silenced).
C:\Users\amer\Desktop\JOPCA\banking_dcpr\core\views.py changed, reloading.
Performing system checks...

March 19, 2026 - 21:24:24
Django version 6.0.3, using settings 'banking_dcpr.settings'
Starting development server at http://127.0.0.1:8000/
Quit the server with CTRL-BREAK.

WARNING: This is a development server. Do not use it in a production setting. Use a production WSGI or ASGI server instead.
For more information on production servers see: https://docs.djangoproject.com/en/6.0/howto/deployment/
Watching for file changes with StatReloader
System check identified some issues:

WARNINGS:
?: (staticfiles.W004) The directory 'C:\Users\amer\Desktop\JOPCA\banking_dcpr\frontend_admin\dist' in the STATICFILES_DIRS setting does not exist.
?: (staticfiles.W004) The directory 'C:\Users\amer\Desktop\JOPCA\banking_dcpr\static' in the STATICFILES_DIRS setting does not exist.

System check identified 2 issues (0 silenced).
[19/Mar/2026 21:25:55] "GET /bankaccounts/ HTTP/1.1" 200 659
[19/Mar/2026 21:25:55] "GET /bankaccounts/ HTTP/1.1" 200 659
[19/Mar/2026 21:25:55] "GET /bankaccounts/ HTTP/1.1" 200 659
[19/Mar/2026 21:25:55] "GET /summary/detailed-monthly/?month=2026-03 HTTP/1.1" 200 1803
[19/Mar/2026 21:25:55] "GET /bankaccounts/ HTTP/1.1" 200 659
C:\Users\amer\Desktop\JOPCA\banking_dcpr\core\utils\summary.py changed, reloading.
Performing system checks...

March 19, 2026 - 21:25:54
Django version 6.0.3, using settings 'banking_dcpr.settings'
Starting development server at http://127.0.0.1:8000/
Quit the server with CTRL-BREAK.

WARNING: This is a development server. Do not use it in a production setting. Use a production WSGI or ASGI server instead.
For more information on production servers see: https://docs.djangoproject.com/en/6.0/howto/deployment/
Watching for file changes with StatReloader
System check identified some issues:

WARNINGS:
?: (staticfiles.W004) The directory 'C:\Users\amer\Desktop\JOPCA\banking_dcpr\frontend_admin\dist' in the STATICFILES_DIRS setting does not exist.
?: (staticfiles.W004) The directory 'C:\Users\amer\Desktop\JOPCA\banking_dcpr\static' in the STATICFILES_DIRS setting does not exist.

System check identified 2 issues (0 silenced).
[19/Mar/2026 21:27:05] "GET /bankaccounts/ HTTP/1.1" 200 659
[19/Mar/2026 21:27:05] "GET /bankaccounts/ HTTP/1.1" 200 659
[19/Mar/2026 21:27:11] "GET /bankaccounts/12/ HTTP/1.1" 200 162
[19/Mar/2026 21:27:11] "GET /transactions/?bank_account_id=12&date=2026-03-19&page=1 HTTP/1.1" 200 2
[19/Mar/2026 21:27:11] "GET /bankaccounts/12/ HTTP/1.1" 200 162
[19/Mar/2026 21:27:11] "GET /transactions/?bank_account_id=12&date=2026-03-19&page=1 HTTP/1.1" 200 2
[19/Mar/2026 21:27:14] "GET /bankaccounts/12/ HTTP/1.1" 200 162
[19/Mar/2026 21:27:14] "GET /transactions/?bank_account_id=12&page=1 HTTP/1.1" 200 4513
[19/Mar/2026 21:27:16] "GET /bankaccounts/ HTTP/1.1" 200 659
[19/Mar/2026 21:27:16] "GET /bankaccounts/ HTTP/1.1" 200 659
[19/Mar/2026 21:27:16] "GET /pdc/ HTTP/1.1" 200 2195
[19/Mar/2026 21:27:16] "GET /summary/pcf-alerts/ HTTP/1.1" 200 164
[19/Mar/2026 21:27:16] "GET /pdc/ HTTP/1.1" 200 2195
[19/Mar/2026 21:27:16] "GET /summary/pcf-alerts/ HTTP/1.1" 200 164
[19/Mar/2026 21:27:16] "GET /summary/detailed-daily/ HTTP/1.1" 200 2052
[19/Mar/2026 21:27:16] "GET /summary/detailed-monthly/?month=2026-03 HTTP/1.1" 200 1803
[19/Mar/2026 21:27:16] "GET /summary/detailed-daily/ HTTP/1.1" 200 2052
[19/Mar/2026 21:27:17] "GET /bankaccounts/ HTTP/1.1" 200 659
[19/Mar/2026 21:27:17] "GET /bankaccounts/ HTTP/1.1" 200 659
[19/Mar/2026 21:27:17] "GET /bankaccounts/ HTTP/1.1" 200 659
[19/Mar/2026 21:27:17] "GET /bankaccounts/ HTTP/1.1" 200 659
[19/Mar/2026 21:27:17] "GET /summary/detailed-monthly/?month=2026-03 HTTP/1.1" 200 1803
[19/Mar/2026 21:27:22] "GET /bankaccounts/ HTTP/1.1" 200 659
[19/Mar/2026 21:27:22] "GET /bankaccounts/ HTTP/1.1" 200 659
[19/Mar/2026 21:27:24] "GET /summary/pcf-alerts/ HTTP/1.1" 200 164
[19/Mar/2026 21:27:24] "GET /pdc/ HTTP/1.1" 200 2195
[19/Mar/2026 21:27:24] "GET /summary/pcf-alerts/ HTTP/1.1" 200 164
[19/Mar/2026 21:27:24] "GET /pdc/ HTTP/1.1" 200 2195
[19/Mar/2026 21:27:24] "GET /summary/detailed-daily/ HTTP/1.1" 200 2052
[19/Mar/2026 21:27:24] "GET /summary/detailed-monthly/?month=2026-03 HTTP/1.1" 200 1803
[19/Mar/2026 21:27:24] "GET /summary/detailed-daily/ HTTP/1.1" 200 2052
[19/Mar/2026 21:27:24] "GET /bankaccounts/ HTTP/1.1" 200 659
[19/Mar/2026 21:27:24] "GET /bankaccounts/ HTTP/1.1" 200 659
[19/Mar/2026 21:27:24] "GET /bankaccounts/ HTTP/1.1" 200 659
[19/Mar/2026 21:27:24] "GET /bankaccounts/ HTTP/1.1" 200 659
[19/Mar/2026 21:27:24] "GET /summary/detailed-monthly/?month=2026-03 HTTP/1.1" 200 1803
[19/Mar/2026 21:27:37] "POST /bankaccounts/ HTTP/1.1" 201 110
[19/Mar/2026 21:28:37] "GET /pdc/ HTTP/1.1" 200 2195
[19/Mar/2026 21:28:37] "GET /summary/pcf-alerts/ HTTP/1.1" 200 164
[19/Mar/2026 21:28:37] "GET /summary/pcf-alerts/ HTTP/1.1" 200 164
[19/Mar/2026 21:28:37] "GET /pdc/ HTTP/1.1" 200 2195
[19/Mar/2026 21:28:37] "GET /summary/detailed-daily/ HTTP/1.1" 200 2349
[19/Mar/2026 21:28:37] "GET /summary/detailed-monthly/?month=2026-03 HTTP/1.1" 200 1857
[19/Mar/2026 21:28:37] "GET /summary/detailed-daily/ HTTP/1.1" 200 2349
[19/Mar/2026 21:28:37] "GET /bankaccounts/ HTTP/1.1" 200 770
[19/Mar/2026 21:28:37] "GET /bankaccounts/ HTTP/1.1" 200 770
[19/Mar/2026 21:28:37] "GET /bankaccounts/ HTTP/1.1" 200 770
[19/Mar/2026 21:28:37] "GET /bankaccounts/ HTTP/1.1" 200 770
[19/Mar/2026 21:28:37] "GET /summary/detailed-monthly/?month=2026-03 HTTP/1.1" 200 1857
[19/Mar/2026 21:28:39] "GET /summary/pcf-alerts/ HTTP/1.1" 200 164
[19/Mar/2026 21:28:42] "GET /pdc/ HTTP/1.1" 200 2195
[19/Mar/2026 21:28:42] "GET /summary/pcf-alerts/ HTTP/1.1" 200 164
[19/Mar/2026 21:28:42] "GET /pdc/ HTTP/1.1" 200 2195
[19/Mar/2026 21:28:42] "GET /summary/pcf-alerts/ HTTP/1.1" 200 164
[19/Mar/2026 21:28:42] "GET /summary/detailed-daily/ HTTP/1.1" 200 2349
[19/Mar/2026 21:28:42] "GET /summary/detailed-monthly/?month=2026-03 HTTP/1.1" 200 1857
[19/Mar/2026 21:28:42] "GET /summary/detailed-daily/ HTTP/1.1" 200 2349
[19/Mar/2026 21:28:42] "GET /bankaccounts/ HTTP/1.1" 200 770
[19/Mar/2026 21:28:42] "GET /bankaccounts/ HTTP/1.1" 200 770
[19/Mar/2026 21:28:42] "GET /bankaccounts/ HTTP/1.1" 200 770
[19/Mar/2026 21:28:42] "GET /bankaccounts/ HTTP/1.1" 200 770
[19/Mar/2026 21:28:42] "GET /summary/detailed-monthly/?month=2026-03 HTTP/1.1" 200 1857
[19/Mar/2026 21:29:09] "GET /bankaccounts/ HTTP/1.1" 200 770
[19/Mar/2026 21:29:10] "GET /pdc/ HTTP/1.1" 200 2195
[19/Mar/2026 21:29:10] "GET /pdc/ HTTP/1.1" 200 2195
[19/Mar/2026 21:29:40] "GET /pdc/ HTTP/1.1" 200 2195
[19/Mar/2026 21:29:40] "GET /summary/pcf-alerts/ HTTP/1.1" 200 164
[19/Mar/2026 21:29:40] "GET /pdc/ HTTP/1.1" 200 2195
[19/Mar/2026 21:29:40] "GET /summary/pcf-alerts/ HTTP/1.1" 200 164
[19/Mar/2026 21:29:40] "GET /summary/detailed-daily/ HTTP/1.1" 200 2349
[19/Mar/2026 21:29:40] "GET /summary/detailed-monthly/?month=2026-03 HTTP/1.1" 200 1857
[19/Mar/2026 21:29:40] "GET /summary/detailed-daily/ HTTP/1.1" 200 2349
[19/Mar/2026 21:29:40] "GET /bankaccounts/ HTTP/1.1" 200 770
[19/Mar/2026 21:29:40] "GET /bankaccounts/ HTTP/1.1" 200 770
[19/Mar/2026 21:29:41] "GET /bankaccounts/ HTTP/1.1" 200 770
[19/Mar/2026 21:29:41] "GET /bankaccounts/ HTTP/1.1" 200 770
[19/Mar/2026 21:29:41] "GET /summary/detailed-monthly/?month=2026-03 HTTP/1.1" 200 1857
[19/Mar/2026 21:29:59] "GET /pdc/ HTTP/1.1" 200 2195
[19/Mar/2026 21:29:59] "GET /summary/pcf-alerts/ HTTP/1.1" 200 164
[19/Mar/2026 21:29:59] "GET /summary/detailed-daily/ HTTP/1.1" 200 2349
[19/Mar/2026 21:29:59] "GET /summary/detailed-monthly/?month=2026-03 HTTP/1.1" 200 1857
[19/Mar/2026 21:30:22] "GET /pdc/ HTTP/1.1" 200 2195
[19/Mar/2026 21:30:22] "GET /summary/pcf-alerts/ HTTP/1.1" 200 164
[19/Mar/2026 21:30:22] "GET /pdc/ HTTP/1.1" 200 2195
[19/Mar/2026 21:30:22] "GET /summary/pcf-alerts/ HTTP/1.1" 200 164
[19/Mar/2026 21:30:22] "GET /summary/detailed-daily/ HTTP/1.1" 200 2349
[19/Mar/2026 21:30:22] "GET /summary/detailed-monthly/?month=2026-03 HTTP/1.1" 200 1857
[19/Mar/2026 21:30:22] "GET /summary/detailed-daily/ HTTP/1.1" 200 2349
[19/Mar/2026 21:30:22] "GET /bankaccounts/ HTTP/1.1" 200 770
[19/Mar/2026 21:30:22] "GET /bankaccounts/ HTTP/1.1" 200 770
[19/Mar/2026 21:30:22] "GET /bankaccounts/ HTTP/1.1" 200 770
[19/Mar/2026 21:30:22] "GET /bankaccounts/ HTTP/1.1" 200 770
[19/Mar/2026 21:30:22] "GET /summary/detailed-monthly/?month=2026-03 HTTP/1.1" 200 1857
C:\Users\amer\Desktop\JOPCA\banking_dcpr\core\views.py changed, reloading.
Performing system checks...

March 19, 2026 - 21:26:13
Django version 6.0.3, using settings 'banking_dcpr.settings'
Starting development server at http://127.0.0.1:8000/
Quit the server with CTRL-BREAK.

WARNING: This is a development server. Do not use it in a production setting. Use a production WSGI or ASGI server instead.
For more information on production servers see: https://docs.djangoproject.com/en/6.0/howto/deployment/
Watching for file changes with StatReloader
System check identified some issues:

WARNINGS:
?: (staticfiles.W004) The directory 'C:\Users\amer\Desktop\JOPCA\banking_dcpr\frontend_admin\dist' in the STATICFILES_DIRS setting does not exist.
?: (staticfiles.W004) The directory 'C:\Users\amer\Desktop\JOPCA\banking_dcpr\static' in the STATICFILES_DIRS setting does not exist.

System check identified 2 issues (0 silenced).
C:\Users\amer\Desktop\JOPCA\banking_dcpr\core\views.py changed, reloading.
Performing system checks...

March 19, 2026 - 21:41:39
Django version 6.0.3, using settings 'banking_dcpr.settings'
Starting development server at http://127.0.0.1:8000/
Quit the server with CTRL-BREAK.

WARNING: This is a development server. Do not use it in a production setting. Use a production WSGI or ASGI server instead.
For more information on production servers see: https://docs.djangoproject.com/en/6.0/howto/deployment/
Watching for file changes with StatReloader
System check identified some issues:

WARNINGS:
?: (staticfiles.W004) The directory 'C:\Users\amer\Desktop\JOPCA\banking_dcpr\frontend_admin\dist' in the STATICFILES_DIRS setting does not exist.
?: (staticfiles.W004) The directory 'C:\Users\amer\Desktop\JOPCA\banking_dcpr\static' in the STATICFILES_DIRS setting does not exist.

System check identified 2 issues (0 silenced).
C:\Users\amer\Desktop\JOPCA\banking_dcpr\core\models.py changed, reloading.
Performing system checks...

March 19, 2026 - 21:41:58
Django version 6.0.3, using settings 'banking_dcpr.settings'
Starting development server at http://127.0.0.1:8000/
Quit the server with CTRL-BREAK.

WARNING: This is a development server. Do not use it in a production setting. Use a production WSGI or ASGI server instead.
For more information on production servers see: https://docs.djangoproject.com/en/6.0/howto/deployment/
Watching for file changes with StatReloader
System check identified some issues:

WARNINGS:
?: (staticfiles.W004) The directory 'C:\Users\amer\Desktop\JOPCA\banking_dcpr\frontend_admin\dist' in the STATICFILES_DIRS setting does not exist.
?: (staticfiles.W004) The directory 'C:\Users\amer\Desktop\JOPCA\banking_dcpr\static' in the STATICFILES_DIRS setting does not exist.

System check identified 2 issues (0 silenced).
C:\Users\amer\Desktop\JOPCA\banking_dcpr\core\models.py changed, reloading.
Performing system checks...

March 19, 2026 - 21:58:39
Django version 6.0.3, using settings 'banking_dcpr.settings'
Starting development server at http://127.0.0.1:8000/
Quit the server with CTRL-BREAK.

WARNING: This is a development server. Do not use it in a production setting. Use a production WSGI or ASGI server instead.
For more information on production servers see: https://docs.djangoproject.com/en/6.0/howto/deployment/
Watching for file changes with StatReloader
System check identified some issues:

WARNINGS:
?: (staticfiles.W004) The directory 'C:\Users\amer\Desktop\JOPCA\banking_dcpr\frontend_admin\dist' in the STATICFILES_DIRS setting does not exist.
?: (staticfiles.W004) The directory 'C:\Users\amer\Desktop\JOPCA\banking_dcpr\static' in the STATICFILES_DIRS setting does not exist.

System check identified 2 issues (0 silenced).
C:\Users\amer\Desktop\JOPCA\banking_dcpr\core\serializers.py changed, reloading.
Performing system checks...

March 19, 2026 - 21:58:48
Django version 6.0.3, using settings 'banking_dcpr.settings'
Starting development server at http://127.0.0.1:8000/
Quit the server with CTRL-BREAK.

WARNING: This is a development server. Do not use it in a production setting. Use a production WSGI or ASGI server instead.
For more information on production servers see: https://docs.djangoproject.com/en/6.0/howto/deployment/
Watching for file changes with StatReloader
System check identified some issues:

WARNINGS:
?: (staticfiles.W004) The directory 'C:\Users\amer\Desktop\JOPCA\banking_dcpr\frontend_admin\dist' in the STATICFILES_DIRS setting does not exist.
?: (staticfiles.W004) The directory 'C:\Users\amer\Desktop\JOPCA\banking_dcpr\static' in the STATICFILES_DIRS setting does not exist.

System check identified 2 issues (0 silenced).
C:\Users\amer\Desktop\JOPCA\banking_dcpr\core\serializers.py changed, reloading.
Performing system checks...

March 19, 2026 - 21:59:11
Django version 6.0.3, using settings 'banking_dcpr.settings'
Starting development server at http://127.0.0.1:8000/
Quit the server with CTRL-BREAK.

WARNING: This is a development server. Do not use it in a production setting. Use a production WSGI or ASGI server instead.
For more information on production servers see: https://docs.djangoproject.com/en/6.0/howto/deployment/
Watching for file changes with StatReloader
System check identified some issues:

WARNINGS:
?: (staticfiles.W004) The directory 'C:\Users\amer\Desktop\JOPCA\banking_dcpr\frontend_admin\dist' in the STATICFILES_DIRS setting does not exist.
?: (staticfiles.W004) The directory 'C:\Users\amer\Desktop\JOPCA\banking_dcpr\static' in the STATICFILES_DIRS setting does not exist.

System check identified 2 issues (0 silenced).
[19/Mar/2026 22:00:05] "GET /summary/pcf-alerts/ HTTP/1.1" 200 164
[19/Mar/2026 22:00:05] "GET /pdc/ HTTP/1.1" 200 2195
[19/Mar/2026 22:00:05] "GET /summary/detailed-daily/ HTTP/1.1" 200 2349
[19/Mar/2026 22:00:05] "GET /summary/detailed-monthly/?month=2026-03 HTTP/1.1" 200 1857
C:\Users\amer\Desktop\JOPCA\banking_dcpr\core\export_views.py changed, reloading.
Performing system checks...

March 19, 2026 - 21:59:14
Django version 6.0.3, using settings 'banking_dcpr.settings'
Starting development server at http://127.0.0.1:8000/
Quit the server with CTRL-BREAK.

WARNING: This is a development server. Do not use it in a production setting. Use a production WSGI or ASGI server instead.
For more information on production servers see: https://docs.djangoproject.com/en/6.0/howto/deployment/
Watching for file changes with StatReloader
System check identified some issues:

WARNINGS:
?: (staticfiles.W004) The directory 'C:\Users\amer\Desktop\JOPCA\banking_dcpr\frontend_admin\dist' in the STATICFILES_DIRS setting does not exist.
?: (staticfiles.W004) The directory 'C:\Users\amer\Desktop\JOPCA\banking_dcpr\static' in the STATICFILES_DIRS setting does not exist.

System check identified 2 issues (0 silenced).
[19/Mar/2026 22:01:50] "GET /summary/pcf-alerts/ HTTP/1.1" 200 164
[19/Mar/2026 22:01:50] "GET /summary/pcf-alerts/ HTTP/1.1" 200 164
[19/Mar/2026 22:01:50] "GET /pdc/ HTTP/1.1" 200 2195
[19/Mar/2026 22:01:50] "GET /pdc/ HTTP/1.1" 200 2195
[19/Mar/2026 22:01:50] "GET /summary/detailed-daily/ HTTP/1.1" 200 2349
[19/Mar/2026 22:01:50] "GET /summary/detailed-monthly/?month=2026-03 HTTP/1.1" 200 1857
[19/Mar/2026 22:01:50] "GET /summary/detailed-daily/ HTTP/1.1" 200 2349
[19/Mar/2026 22:01:50] "GET /bankaccounts/ HTTP/1.1" 200 770
[19/Mar/2026 22:01:50] "GET /bankaccounts/ HTTP/1.1" 200 770
[19/Mar/2026 22:01:50] "GET /bankaccounts/ HTTP/1.1" 200 770
[19/Mar/2026 22:01:50] "GET /bankaccounts/ HTTP/1.1" 200 770
[19/Mar/2026 22:01:50] "GET /summary/detailed-monthly/?month=2026-03 HTTP/1.1" 200 1857
[19/Mar/2026 22:01:52] "GET /summary/pcf-alerts/ HTTP/1.1" 200 164
C:\Users\amer\Desktop\JOPCA\banking_dcpr\core\export_views.py changed, reloading.
Performing system checks...

March 19, 2026 - 22:01:30
Django version 6.0.3, using settings 'banking_dcpr.settings'
Starting development server at http://127.0.0.1:8000/
Quit the server with CTRL-BREAK.

WARNING: This is a development server. Do not use it in a production setting. Use a production WSGI or ASGI server instead.
For more information on production servers see: https://docs.djangoproject.com/en/6.0/howto/deployment/
Watching for file changes with StatReloader
System check identified some issues:

WARNINGS:
?: (staticfiles.W004) The directory 'C:\Users\amer\Desktop\JOPCA\banking_dcpr\frontend_admin\dist' in the STATICFILES_DIRS setting does not exist.
?: (staticfiles.W004) The directory 'C:\Users\amer\Desktop\JOPCA\banking_dcpr\static' in the STATICFILES_DIRS setting does not exist.

System check identified 2 issues (0 silenced).
C:\Users\amer\Desktop\JOPCA\banking_dcpr\banking_dcpr\urls.py changed, reloading.
Performing system checks...

March 19, 2026 - 22:02:09
Django version 6.0.3, using settings 'banking_dcpr.settings'
Starting development server at http://127.0.0.1:8000/
Quit the server with CTRL-BREAK.

WARNING: This is a development server. Do not use it in a production setting. Use a production WSGI or ASGI server instead.
For more information on production servers see: https://docs.djangoproject.com/en/6.0/howto/deployment/
Watching for file changes with StatReloader
System check identified some issues:

WARNINGS:
?: (staticfiles.W004) The directory 'C:\Users\amer\Desktop\JOPCA\banking_dcpr\frontend_admin\dist' in the STATICFILES_DIRS setting does not exist.
?: (staticfiles.W004) The directory 'C:\Users\amer\Desktop\JOPCA\banking_dcpr\static' in the STATICFILES_DIRS setting does not exist.

System check identified 2 issues (0 silenced).
[19/Mar/2026 22:04:06] "GET /summary/pcf-alerts/ HTTP/1.1" 200 164
[19/Mar/2026 22:04:06] "GET /summary/pcf-alerts/ HTTP/1.1" 200 164
[19/Mar/2026 22:04:06] "GET /pdc/ HTTP/1.1" 200 2195
[19/Mar/2026 22:04:06] "GET /pdc/ HTTP/1.1" 200 2195
[19/Mar/2026 22:04:06] "GET /summary/detailed-daily/ HTTP/1.1" 200 2349
Not Found: /summary/detailed-monthly/
[19/Mar/2026 22:04:06] "GET /summary/detailed-monthly/?month=2026-03 HTTP/1.1" 404 18169
[19/Mar/2026 22:04:06] "GET /summary/detailed-daily/ HTTP/1.1" 200 2349
Not Found: /summary/detailed-monthly/
[19/Mar/2026 22:04:06] "GET /summary/detailed-monthly/?month=2026-03 HTTP/1.1" 404 18169
[19/Mar/2026 22:04:07] "GET /bankaccounts/ HTTP/1.1" 200 770
[19/Mar/2026 22:04:07] "GET /bankaccounts/ HTTP/1.1" 200 770
[19/Mar/2026 22:04:07] "GET /bankaccounts/ HTTP/1.1" 200 770
[19/Mar/2026 22:04:07] "GET /bankaccounts/ HTTP/1.1" 200 770
[19/Mar/2026 22:04:07] "GET /summary/detailed-daily/ HTTP/1.1" 200 2349
Not Found: /summary/detailed-monthly/
[19/Mar/2026 22:04:07] "GET /summary/detailed-monthly/?month=2026-03 HTTP/1.1" 404 18169
[19/Mar/2026 22:04:08] "GET /bankaccounts/ HTTP/1.1" 200 770
[19/Mar/2026 22:04:08] "GET /bankaccounts/ HTTP/1.1" 200 770
[19/Mar/2026 22:04:08] "GET /bankaccounts/ HTTP/1.1" 200 770
[19/Mar/2026 22:04:08] "GET /bankaccounts/ HTTP/1.1" 200 770
[19/Mar/2026 22:04:08] "GET /summary/detailed-daily/ HTTP/1.1" 200 2349
Not Found: /summary/detailed-monthly/
[19/Mar/2026 22:04:08] "GET /summary/detailed-monthly/?month=2026-03 HTTP/1.1" 404 18169
[19/Mar/2026 22:04:23] "POST /api-token-auth/ HTTP/1.1" 200 52
[19/Mar/2026 22:04:23] "GET /pdc/ HTTP/1.1" 200 2195
[19/Mar/2026 22:04:23] "GET /summary/pcf-alerts/ HTTP/1.1" 200 164
[19/Mar/2026 22:04:23] "GET /summary/pcf-alerts/ HTTP/1.1" 200 164
[19/Mar/2026 22:04:23] "GET /pdc/ HTTP/1.1" 200 2195
[19/Mar/2026 22:04:23] "GET /summary/detailed-daily/ HTTP/1.1" 200 2349
Not Found: /summary/detailed-monthly/
[19/Mar/2026 22:04:23] "GET /summary/detailed-monthly/?month=2026-03 HTTP/1.1" 404 18169
[19/Mar/2026 22:04:23] "GET /summary/detailed-daily/ HTTP/1.1" 200 2349
Not Found: /summary/detailed-monthly/
[19/Mar/2026 22:04:23] "GET /summary/detailed-monthly/?month=2026-03 HTTP/1.1" 404 18169
[19/Mar/2026 22:04:24] "GET /bankaccounts/ HTTP/1.1" 200 770
[19/Mar/2026 22:04:24] "GET /bankaccounts/ HTTP/1.1" 200 770
[19/Mar/2026 22:04:24] "GET /bankaccounts/ HTTP/1.1" 200 770
[19/Mar/2026 22:04:24] "GET /bankaccounts/ HTTP/1.1" 200 770
[19/Mar/2026 22:04:24] "GET /summary/detailed-daily/ HTTP/1.1" 200 2349
Not Found: /summary/detailed-monthly/
[19/Mar/2026 22:04:24] "GET /summary/detailed-monthly/?month=2026-03 HTTP/1.1" 404 18169
[19/Mar/2026 22:04:40] "GET /pdc/ HTTP/1.1" 200 2195
[19/Mar/2026 22:04:40] "GET /summary/pcf-alerts/ HTTP/1.1" 200 164
[19/Mar/2026 22:04:40] "GET /summary/detailed-daily/ HTTP/1.1" 200 2349
[19/Mar/2026 22:04:40] "GET /bankaccounts/ HTTP/1.1" 200 770
[19/Mar/2026 22:04:40] "GET /bankaccounts/ HTTP/1.1" 200 770
[19/Mar/2026 22:04:40] "GET /bankaccounts/ HTTP/1.1" 200 770
[19/Mar/2026 22:04:40] "GET /bankaccounts/ HTTP/1.1" 200 770
Not Found: /summary/detailed-monthly/
[19/Mar/2026 22:04:41] "GET /summary/detailed-monthly/?month=2026-03 HTTP/1.1" 404 18169
C:\Users\amer\Desktop\JOPCA\banking_dcpr\core\views.py changed, reloading.
Performing system checks...

March 19, 2026 - 22:02:31
Django version 6.0.3, using settings 'banking_dcpr.settings'
Starting development server at http://127.0.0.1:8000/
Quit the server with CTRL-BREAK.

WARNING: This is a development server. Do not use it in a production setting. Use a production WSGI or ASGI server instead.
For more information on production servers see: https://docs.djangoproject.com/en/6.0/howto/deployment/
Watching for file changes with StatReloader
System check identified some issues:

WARNINGS:
?: (staticfiles.W004) The directory 'C:\Users\amer\Desktop\JOPCA\banking_dcpr\frontend_admin\dist' in the STATICFILES_DIRS setting does not exist.
?: (staticfiles.W004) The directory 'C:\Users\amer\Desktop\JOPCA\banking_dcpr\static' in the STATICFILES_DIRS setting does not exist.

System check identified 2 issues (0 silenced).
C:\Users\amer\Desktop\JOPCA\banking_dcpr\core\models.py changed, reloading.
Performing system checks...

March 19, 2026 - 22:05:00
Django version 6.0.3, using settings 'banking_dcpr.settings'
Starting development server at http://127.0.0.1:8000/
Quit the server with CTRL-BREAK.

WARNING: This is a development server. Do not use it in a production setting. Use a production WSGI or ASGI server instead.
For more information on production servers see: https://docs.djangoproject.com/en/6.0/howto/deployment/
Watching for file changes with StatReloader
System check identified some issues:

WARNINGS:
?: (staticfiles.W004) The directory 'C:\Users\amer\Desktop\JOPCA\banking_dcpr\frontend_admin\dist' in the STATICFILES_DIRS setting does not exist.
?: (staticfiles.W004) The directory 'C:\Users\amer\Desktop\JOPCA\banking_dcpr\static' in the STATICFILES_DIRS setting does not exist.

System check identified 2 issues (0 silenced).
C:\Users\amer\Desktop\JOPCA\banking_dcpr\banking_dcpr\urls.py changed, reloading.
Performing system checks...

March 19, 2026 - 22:05:14
Django version 6.0.3, using settings 'banking_dcpr.settings'
Starting development server at http://127.0.0.1:8000/
Quit the server with CTRL-BREAK.

WARNING: This is a development server. Do not use it in a production setting. Use a production WSGI or ASGI server instead.
For more information on production servers see: https://docs.djangoproject.com/en/6.0/howto/deployment/
Watching for file changes with StatReloader
System check identified some issues:

WARNINGS:
?: (staticfiles.W004) The directory 'C:\Users\amer\Desktop\JOPCA\banking_dcpr\frontend_admin\dist' in the STATICFILES_DIRS setting does not exist.
?: (staticfiles.W004) The directory 'C:\Users\amer\Desktop\JOPCA\banking_dcpr\static' in the STATICFILES_DIRS setting does not exist.

System check identified 2 issues (0 silenced).
C:\Users\amer\Desktop\JOPCA\banking_dcpr\core\views.py changed, reloading.
Performing system checks...

March 19, 2026 - 22:06:03
Django version 6.0.3, using settings 'banking_dcpr.settings'
Starting development server at http://127.0.0.1:8000/
Quit the server with CTRL-BREAK.

WARNING: This is a development server. Do not use it in a production setting. Use a production WSGI or ASGI server instead.
For more information on production servers see: https://docs.djangoproject.com/en/6.0/howto/deployment/
Watching for file changes with StatReloader
System check identified some issues:

WARNINGS:
?: (staticfiles.W004) The directory 'C:\Users\amer\Desktop\JOPCA\banking_dcpr\frontend_admin\dist' in the STATICFILES_DIRS setting does not exist.
?: (staticfiles.W004) The directory 'C:\Users\amer\Desktop\JOPCA\banking_dcpr\static' in the STATICFILES_DIRS setting does not exist.

System check identified 2 issues (0 silenced).
C:\Users\amer\Desktop\JOPCA\banking_dcpr\core\models.py changed, reloading.
Performing system checks...

March 19, 2026 - 22:12:55
Django version 6.0.3, using settings 'banking_dcpr.settings'
Starting development server at http://127.0.0.1:8000/
Quit the server with CTRL-BREAK.

WARNING: This is a development server. Do not use it in a production setting. Use a production WSGI or ASGI server instead.
For more information on production servers see: https://docs.djangoproject.com/en/6.0/howto/deployment/
Watching for file changes with StatReloader
System check identified some issues:

WARNINGS:
?: (staticfiles.W004) The directory 'C:\Users\amer\Desktop\JOPCA\banking_dcpr\frontend_admin\dist' in the STATICFILES_DIRS setting does not exist.
?: (staticfiles.W004) The directory 'C:\Users\amer\Desktop\JOPCA\banking_dcpr\static' in the STATICFILES_DIRS setting does not exist.

System check identified 2 issues (0 silenced).
C:\Users\amer\Desktop\JOPCA\banking_dcpr\banking_dcpr\urls.py changed, reloading.
Performing system checks...

March 19, 2026 - 22:13:15
Django version 6.0.3, using settings 'banking_dcpr.settings'
Starting development server at http://127.0.0.1:8000/
Quit the server with CTRL-BREAK.

WARNING: This is a development server. Do not use it in a production setting. Use a production WSGI or ASGI server instead.
For more information on production servers see: https://docs.djangoproject.com/en/6.0/howto/deployment/
Watching for file changes with StatReloader
System check identified some issues:

WARNINGS:
?: (staticfiles.W004) The directory 'C:\Users\amer\Desktop\JOPCA\banking_dcpr\frontend_admin\dist' in the STATICFILES_DIRS setting does not exist.
?: (staticfiles.W004) The directory 'C:\Users\amer\Desktop\JOPCA\banking_dcpr\static' in the STATICFILES_DIRS setting does not exist.

System check identified 2 issues (0 silenced).
C:\Users\amer\Desktop\JOPCA\banking_dcpr\banking_dcpr\urls.py changed, reloading.
Performing system checks...

March 19, 2026 - 22:13:22
Django version 6.0.3, using settings 'banking_dcpr.settings'
Starting development server at http://127.0.0.1:8000/
Quit the server with CTRL-BREAK.

WARNING: This is a development server. Do not use it in a production setting. Use a production WSGI or ASGI server instead.
For more information on production servers see: https://docs.djangoproject.com/en/6.0/howto/deployment/
Watching for file changes with StatReloader
System check identified some issues:

WARNINGS:
?: (staticfiles.W004) The directory 'C:\Users\amer\Desktop\JOPCA\banking_dcpr\frontend_admin\dist' in the STATICFILES_DIRS setting does not exist.
?: (staticfiles.W004) The directory 'C:\Users\amer\Desktop\JOPCA\banking_dcpr\static' in the STATICFILES_DIRS setting does not exist.

System check identified 2 issues (0 silenced).
C:\Users\amer\Desktop\JOPCA\banking_dcpr\banking_dcpr\settings.py changed, reloading.
Performing system checks...

March 19, 2026 - 22:13:31
Django version 6.0.3, using settings 'banking_dcpr.settings'
Starting development server at http://127.0.0.1:8000/
Quit the server with CTRL-BREAK.

WARNING: This is a development server. Do not use it in a production setting. Use a production WSGI or ASGI server instead.
For more information on production servers see: https://docs.djangoproject.com/en/6.0/howto/deployment/
Watching for file changes with StatReloader
Exception in thread django-main-thread:
Traceback (most recent call last):
  File "C:\Users\amer\AppData\Local\Python\pythoncore-3.14-64\Lib\threading.py", line 1082, in _bootstrap_inner
    self._context.run(self.run)
    ~~~~~~~~~~~~~~~~~^^^^^^^^^^
  File "C:\Users\amer\AppData\Local\Python\pythoncore-3.14-64\Lib\threading.py", line 1024, in run
    self._target(*self._args, **self._kwargs)
    ~~~~~~~~~~~~^^^^^^^^^^^^^^^^^^^^^^^^^^^^^
  File "C:\Users\amer\AppData\Local\Python\pythoncore-3.14-64\Lib\site-packages\django\utils\autoreload.py", line 64, in wrapper
    fn(*args, **kwargs)
    ~~^^^^^^^^^^^^^^^^^
  File "C:\Users\amer\AppData\Local\Python\pythoncore-3.14-64\Lib\site-packages\django\core\management\commands\runserver.py", line 124, in inner_run
    autoreload.raise_last_exception()
    ~~~~~~~~~~~~~~~~~~~~~~~~~~~~~~~^^
  File "C:\Users\amer\AppData\Local\Python\pythoncore-3.14-64\Lib\site-packages\django\utils\autoreload.py", line 86, in raise_last_exception
    raise _exception[1]
  File "C:\Users\amer\AppData\Local\Python\pythoncore-3.14-64\Lib\site-packages\django\core\management\__init__.py", line 395, in execute
    autoreload.check_errors(django.setup)()
    ~~~~~~~~~~~~~~~~~~~~~~~~~~~~~~~~~~~~~^^
  File "C:\Users\amer\AppData\Local\Python\pythoncore-3.14-64\Lib\site-packages\django\utils\autoreload.py", line 64, in wrapper
    fn(*args, **kwargs)
    ~~^^^^^^^^^^^^^^^^^
  File "C:\Users\amer\AppData\Local\Python\pythoncore-3.14-64\Lib\site-packages\django\__init__.py", line 24, in setup
    apps.populate(settings.INSTALLED_APPS)
    ~~~~~~~~~~~~~^^^^^^^^^^^^^^^^^^^^^^^^^
  File "C:\Users\amer\AppData\Local\Python\pythoncore-3.14-64\Lib\site-packages\django\apps\registry.py", line 91, in populate
    app_config = AppConfig.create(entry)
  File "C:\Users\amer\AppData\Local\Python\pythoncore-3.14-64\Lib\site-packages\django\apps\config.py", line 193, in create
    import_module(entry)
    ~~~~~~~~~~~~~^^^^^^^
  File "C:\Users\amer\AppData\Local\Python\pythoncore-3.14-64\Lib\importlib\__init__.py", line 88, in import_module
    return _bootstrap._gcd_import(name[level:], package, level)
           ~~~~~~~~~~~~~~~~~~~~~~^^^^^^^^^^^^^^^^^^^^^^^^^^^^^^
  File "<frozen importlib._bootstrap>", line 1398, in _gcd_import
  File "<frozen importlib._bootstrap>", line 1371, in _find_and_load
  File "<frozen importlib._bootstrap>", line 1335, in _find_and_load_unlocked
ModuleNotFoundError: No module named 'drf_spectacular'
C:\Users\amer\Desktop\JOPCA\banking_dcpr\banking_dcpr\settings.py changed, reloading.
Watching for file changes with StatReloader
Exception in thread django-main-thread:
Traceback (most recent call last):
  File "C:\Users\amer\AppData\Local\Python\pythoncore-3.14-64\Lib\threading.py", line 1082, in _bootstrap_inner
    self._context.run(self.run)
    ~~~~~~~~~~~~~~~~~^^^^^^^^^^
  File "C:\Users\amer\AppData\Local\Python\pythoncore-3.14-64\Lib\threading.py", line 1024, in run
    self._target(*self._args, **self._kwargs)
    ~~~~~~~~~~~~^^^^^^^^^^^^^^^^^^^^^^^^^^^^^
  File "C:\Users\amer\AppData\Local\Python\pythoncore-3.14-64\Lib\site-packages\django\utils\autoreload.py", line 64, in wrapper
    fn(*args, **kwargs)
    ~~^^^^^^^^^^^^^^^^^
  File "C:\Users\amer\AppData\Local\Python\pythoncore-3.14-64\Lib\site-packages\django\core\management\commands\runserver.py", line 124, in inner_run
    autoreload.raise_last_exception()
    ~~~~~~~~~~~~~~~~~~~~~~~~~~~~~~~^^
  File "C:\Users\amer\AppData\Local\Python\pythoncore-3.14-64\Lib\site-packages\django\utils\autoreload.py", line 86, in raise_last_exception
    raise _exception[1]
  File "C:\Users\amer\AppData\Local\Python\pythoncore-3.14-64\Lib\site-packages\django\core\management\__init__.py", line 395, in execute
    autoreload.check_errors(django.setup)()
    ~~~~~~~~~~~~~~~~~~~~~~~~~~~~~~~~~~~~~^^
  File "C:\Users\amer\AppData\Local\Python\pythoncore-3.14-64\Lib\site-packages\django\utils\autoreload.py", line 64, in wrapper
    fn(*args, **kwargs)
    ~~^^^^^^^^^^^^^^^^^
  File "C:\Users\amer\AppData\Local\Python\pythoncore-3.14-64\Lib\site-packages\django\__init__.py", line 24, in setup
    apps.populate(settings.INSTALLED_APPS)
    ~~~~~~~~~~~~~^^^^^^^^^^^^^^^^^^^^^^^^^
  File "C:\Users\amer\AppData\Local\Python\pythoncore-3.14-64\Lib\site-packages\django\apps\registry.py", line 91, in populate
    app_config = AppConfig.create(entry)
  File "C:\Users\amer\AppData\Local\Python\pythoncore-3.14-64\Lib\site-packages\django\apps\config.py", line 193, in create
    import_module(entry)
    ~~~~~~~~~~~~~^^^^^^^
  File "C:\Users\amer\AppData\Local\Python\pythoncore-3.14-64\Lib\importlib\__init__.py", line 88, in import_module
    return _bootstrap._gcd_import(name[level:], package, level)
           ~~~~~~~~~~~~~~~~~~~~~~^^^^^^^^^^^^^^^^^^^^^^^^^^^^^^
  File "<frozen importlib._bootstrap>", line 1398, in _gcd_import
  File "<frozen importlib._bootstrap>", line 1371, in _find_and_load
  File "<frozen importlib._bootstrap>", line 1335, in _find_and_load_unlocked
ModuleNotFoundError: No module named 'drf_spectacular'
C:\Users\amer\Desktop\JOPCA\banking_dcpr\banking_dcpr\settings.py changed, reloading.
Watching for file changes with StatReloader
Exception in thread django-main-thread:
Traceback (most recent call last):
  File "C:\Users\amer\AppData\Local\Python\pythoncore-3.14-64\Lib\threading.py", line 1082, in _bootstrap_inner
    self._context.run(self.run)
    ~~~~~~~~~~~~~~~~~^^^^^^^^^^
  File "C:\Users\amer\AppData\Local\Python\pythoncore-3.14-64\Lib\threading.py", line 1024, in run
    self._target(*self._args, **self._kwargs)
    ~~~~~~~~~~~~^^^^^^^^^^^^^^^^^^^^^^^^^^^^^
  File "C:\Users\amer\AppData\Local\Python\pythoncore-3.14-64\Lib\site-packages\django\utils\autoreload.py", line 64, in wrapper
    fn(*args, **kwargs)
    ~~^^^^^^^^^^^^^^^^^
  File "C:\Users\amer\AppData\Local\Python\pythoncore-3.14-64\Lib\site-packages\django\core\management\commands\runserver.py", line 124, in inner_run
    autoreload.raise_last_exception()
    ~~~~~~~~~~~~~~~~~~~~~~~~~~~~~~~^^
  File "C:\Users\amer\AppData\Local\Python\pythoncore-3.14-64\Lib\site-packages\django\utils\autoreload.py", line 86, in raise_last_exception
    raise _exception[1]
  File "C:\Users\amer\AppData\Local\Python\pythoncore-3.14-64\Lib\site-packages\django\core\management\__init__.py", line 395, in execute
    autoreload.check_errors(django.setup)()
    ~~~~~~~~~~~~~~~~~~~~~~~~~~~~~~~~~~~~~^^
  File "C:\Users\amer\AppData\Local\Python\pythoncore-3.14-64\Lib\site-packages\django\utils\autoreload.py", line 64, in wrapper
    fn(*args, **kwargs)
    ~~^^^^^^^^^^^^^^^^^
  File "C:\Users\amer\AppData\Local\Python\pythoncore-3.14-64\Lib\site-packages\django\__init__.py", line 24, in setup
    apps.populate(settings.INSTALLED_APPS)
    ~~~~~~~~~~~~~^^^^^^^^^^^^^^^^^^^^^^^^^
  File "C:\Users\amer\AppData\Local\Python\pythoncore-3.14-64\Lib\site-packages\django\apps\registry.py", line 91, in populate
    app_config = AppConfig.create(entry)
  File "C:\Users\amer\AppData\Local\Python\pythoncore-3.14-64\Lib\site-packages\django\apps\config.py", line 193, in create
    import_module(entry)
    ~~~~~~~~~~~~~^^^^^^^
  File "C:\Users\amer\AppData\Local\Python\pythoncore-3.14-64\Lib\importlib\__init__.py", line 88, in import_module
    return _bootstrap._gcd_import(name[level:], package, level)
           ~~~~~~~~~~~~~~~~~~~~~~^^^^^^^^^^^^^^^^^^^^^^^^^^^^^^
  File "<frozen importlib._bootstrap>", line 1398, in _gcd_import
  File "<frozen importlib._bootstrap>", line 1371, in _find_and_load
  File "<frozen importlib._bootstrap>", line 1335, in _find_and_load_unlocked
ModuleNotFoundError: No module named 'drf_spectacular'
C:\Users\amer\Desktop\JOPCA\banking_dcpr\banking_dcpr\settings.py changed, reloading.
Watching for file changes with StatReloader
System check identified some issues:

WARNINGS:
?: (staticfiles.W004) The directory 'C:\Users\amer\Desktop\JOPCA\banking_dcpr\frontend_admin\dist' in the STATICFILES_DIRS setting does not exist.
?: (staticfiles.W004) The directory 'C:\Users\amer\Desktop\JOPCA\banking_dcpr\static' in the STATICFILES_DIRS setting does not exist.

System check identified 2 issues (0 silenced).
C:\Users\amer\Desktop\JOPCA\banking_dcpr\banking_dcpr\settings.py changed, reloading.
Performing system checks...

March 19, 2026 - 22:28:00
Django version 6.0.3, using settings 'banking_dcpr.settings'
Starting development server at http://127.0.0.1:8000/
Quit the server with CTRL-BREAK.

WARNING: This is a development server. Do not use it in a production setting. Use a production WSGI or ASGI server instead.
For more information on production servers see: https://docs.djangoproject.com/en/6.0/howto/deployment/
Watching for file changes with StatReloader
System check identified some issues:

WARNINGS:
?: (staticfiles.W004) The directory 'C:\Users\amer\Desktop\JOPCA\banking_dcpr\frontend_admin\dist' in the STATICFILES_DIRS setting does not exist.
?: (staticfiles.W004) The directory 'C:\Users\amer\Desktop\JOPCA\banking_dcpr\static' in the STATICFILES_DIRS setting does not exist.

System check identified 2 issues (0 silenced).
[19/Mar/2026 22:28:30] "GET /admin HTTP/1.1" 301 0
[19/Mar/2026 22:28:30] "GET /admin/ HTTP/1.1" 200 16157
[19/Mar/2026 22:28:30] "GET /static/admin/css/nav_sidebar.css HTTP/1.1" 304 0
[19/Mar/2026 22:28:30] "GET /static/admin/css/base.css HTTP/1.1" 304 0
[19/Mar/2026 22:28:30] "GET /static/admin/css/dark_mode.css HTTP/1.1" 304 0
[19/Mar/2026 22:28:30] "GET /static/admin/css/responsive.css HTTP/1.1" 304 0
[19/Mar/2026 22:28:30] "GET /static/admin/js/theme.js HTTP/1.1" 304 0
[19/Mar/2026 22:28:30] "GET /static/admin/js/nav_sidebar.js HTTP/1.1" 304 0
[19/Mar/2026 22:28:30] "GET /static/admin/css/dashboard.css HTTP/1.1" 200 441
[19/Mar/2026 22:28:30] "GET /static/admin/img/icon-addlink.svg HTTP/1.1" 304 0
[19/Mar/2026 22:28:30] "GET /static/admin/img/icon-changelink.svg HTTP/1.1" 304 0
[19/Mar/2026 22:28:30] "GET /static/admin/img/icon-deletelink.svg HTTP/1.1" 200 689
[19/Mar/2026 22:28:40] "POST /api-token-auth/ HTTP/1.1" 200 52
[19/Mar/2026 22:28:40] "GET /pdc/ HTTP/1.1" 200 2195
[19/Mar/2026 22:28:40] "GET /summary/pcf-alerts/ HTTP/1.1" 200 164
[19/Mar/2026 22:28:41] "GET /pdc/ HTTP/1.1" 200 2195
[19/Mar/2026 22:28:41] "GET /summary/pcf-alerts/ HTTP/1.1" 200 164
[19/Mar/2026 22:28:41] "GET /summary/detailed-daily/ HTTP/1.1" 200 2349
[19/Mar/2026 22:28:41] "GET /summary/detailed-monthly/?month=2026-03 HTTP/1.1" 200 1857
[19/Mar/2026 22:28:41] "GET /summary/detailed-daily/ HTTP/1.1" 200 2349
[19/Mar/2026 22:28:41] "OPTIONS /api/reconciliation/summary/ HTTP/1.1" 200 0
[19/Mar/2026 22:28:41] "OPTIONS /api/reconciliation/summary/ HTTP/1.1" 200 0
[19/Mar/2026 22:28:41] "GET /bankaccounts/ HTTP/1.1" 200 770
[19/Mar/2026 22:28:41] "GET /bankaccounts/ HTTP/1.1" 200 770
[19/Mar/2026 22:28:41] "GET /bankaccounts/ HTTP/1.1" 200 770
[19/Mar/2026 22:28:41] "GET /bankaccounts/ HTTP/1.1" 200 770
[19/Mar/2026 22:28:41] "GET /summary/detailed-monthly/?month=2026-03 HTTP/1.1" 200 1857
[19/Mar/2026 22:28:41] "GET /api/reconciliation/summary/ HTTP/1.1" 200 1286
[19/Mar/2026 22:28:41] "GET /bankaccounts/ HTTP/1.1" 200 770
[19/Mar/2026 22:28:41] "OPTIONS /api/reconciliation/unreconciled/?bank_id=12 HTTP/1.1" 200 0
[19/Mar/2026 22:28:41] "GET /bankaccounts/ HTTP/1.1" 200 770
[19/Mar/2026 22:28:41] "GET /api/reconciliation/unreconciled/?bank_id=12 HTTP/1.1" 200 4536
[19/Mar/2026 22:28:41] "GET /bankaccounts/ HTTP/1.1" 200 770
[19/Mar/2026 22:28:41] "GET /api/reconciliation/summary/ HTTP/1.1" 200 1286
[19/Mar/2026 22:28:41] "GET /api/reconciliation/summary/ HTTP/1.1" 200 1286
[19/Mar/2026 22:28:47] "OPTIONS /api/reconciliation/unreconciled/?bank_id=13 HTTP/1.1" 200 0
[19/Mar/2026 22:28:47] "GET /bankaccounts/ HTTP/1.1" 200 770
[19/Mar/2026 22:28:47] "GET /api/reconciliation/unreconciled/?bank_id=13 HTTP/1.1" 200 2231
[19/Mar/2026 22:28:47] "GET /api/reconciliation/summary/ HTTP/1.1" 200 1286
[19/Mar/2026 22:28:57] "OPTIONS /api/reconciliation/mark/ HTTP/1.1" 200 0
Internal Server Error: /api/reconciliation/mark/
Traceback (most recent call last):
  File "C:\Users\amer\AppData\Local\Python\pythoncore-3.14-64\Lib\site-packages\django\core\handlers\exception.py", line 55, in inner
    response = get_response(request)
  File "C:\Users\amer\AppData\Local\Python\pythoncore-3.14-64\Lib\site-packages\django\core\handlers\base.py", line 198, in _get_response
    response = wrapped_callback(request, *callback_args, **callback_kwargs)
  File "C:\Users\amer\AppData\Local\Python\pythoncore-3.14-64\Lib\site-packages\django\views\decorators\csrf.py", line 65, in _view_wrapper
    return view_func(request, *args, **kwargs)
  File "C:\Users\amer\AppData\Local\Python\pythoncore-3.14-64\Lib\site-packages\django\views\generic\base.py", line 106, in view
    return self.dispatch(request, *args, **kwargs)
           ~~~~~~~~~~~~~^^^^^^^^^^^^^^^^^^^^^^^^^^
  File "C:\Users\amer\AppData\Local\Python\pythoncore-3.14-64\Lib\site-packages\rest_framework\views.py", line 515, in dispatch
    response = self.handle_exception(exc)
  File "C:\Users\amer\AppData\Local\Python\pythoncore-3.14-64\Lib\site-packages\rest_framework\views.py", line 475, in handle_exception
    self.raise_uncaught_exception(exc)
    ~~~~~~~~~~~~~~~~~~~~~~~~~~~~~^^^^^
  File "C:\Users\amer\AppData\Local\Python\pythoncore-3.14-64\Lib\site-packages\rest_framework\views.py", line 486, in raise_uncaught_exception
    raise exc
  File "C:\Users\amer\AppData\Local\Python\pythoncore-3.14-64\Lib\site-packages\rest_framework\views.py", line 512, in dispatch
    response = handler(request, *args, **kwargs)
  File "C:\Users\amer\AppData\Local\Python\pythoncore-3.14-64\Lib\site-packages\rest_framework\decorators.py", line 50, in handler
    return func(*args, **kwargs)
  File "C:\Users\amer\Desktop\JOPCA\banking_dcpr\core\views.py", line 1108, in mark_reconciled
    reconciled_at=timezone.now(),
                  ^^^^^^^^^^^^
AttributeError: type object 'datetime.timezone' has no attribute 'now'
[19/Mar/2026 22:28:57] "POST /api/reconciliation/mark/ HTTP/1.1" 500 18127
[19/Mar/2026 22:29:05] "GET /bankaccounts/ HTTP/1.1" 200 770
[19/Mar/2026 22:29:05] "GET /api/reconciliation/unreconciled/?bank_id=12 HTTP/1.1" 200 4536
[19/Mar/2026 22:29:05] "GET /api/reconciliation/summary/ HTTP/1.1" 200 1286
[19/Mar/2026 22:29:14] "GET /summary/pcf-alerts/ HTTP/1.1" 200 164
[19/Mar/2026 22:29:18] "GET /pdc/ HTTP/1.1" 200 2195
[19/Mar/2026 22:29:18] "GET /summary/pcf-alerts/ HTTP/1.1" 200 164
[19/Mar/2026 22:29:18] "GET /pdc/ HTTP/1.1" 200 2195
[19/Mar/2026 22:29:18] "GET /summary/pcf-alerts/ HTTP/1.1" 200 164
[19/Mar/2026 22:29:18] "GET /summary/detailed-daily/ HTTP/1.1" 200 2349
[19/Mar/2026 22:29:18] "GET /summary/detailed-monthly/?month=2026-03 HTTP/1.1" 200 1857
[19/Mar/2026 22:29:18] "GET /summary/detailed-daily/ HTTP/1.1" 200 2349
[19/Mar/2026 22:29:18] "GET /bankaccounts/ HTTP/1.1" 200 770
[19/Mar/2026 22:29:18] "GET /bankaccounts/ HTTP/1.1" 200 770
[19/Mar/2026 22:29:18] "GET /api/reconciliation/summary/ HTTP/1.1" 200 1286
[19/Mar/2026 22:29:18] "GET /summary/detailed-monthly/?month=2026-03 HTTP/1.1" 200 1857
[19/Mar/2026 22:29:18] "GET /api/reconciliation/unreconciled/?bank_id=12 HTTP/1.1" 200 4536
[19/Mar/2026 22:29:18] "GET /bankaccounts/ HTTP/1.1" 200 770
[19/Mar/2026 22:29:18] "GET /bankaccounts/ HTTP/1.1" 200 770
[19/Mar/2026 22:29:18] "GET /bankaccounts/ HTTP/1.1" 200 770
[19/Mar/2026 22:29:18] "GET /bankaccounts/ HTTP/1.1" 200 770
[19/Mar/2026 22:29:18] "GET /api/reconciliation/summary/ HTTP/1.1" 200 1286
[19/Mar/2026 22:29:18] "GET /bankaccounts/ HTTP/1.1" 200 770
[19/Mar/2026 22:29:18] "GET /api/reconciliation/summary/ HTTP/1.1" 200 1286
C:\Users\amer\Desktop\JOPCA\banking_dcpr\core\views.py changed, reloading.
Performing system checks...

March 19, 2026 - 22:28:10
Django version 6.0.3, using settings 'banking_dcpr.settings'
Starting development server at http://127.0.0.1:8000/
Quit the server with CTRL-BREAK.

WARNING: This is a development server. Do not use it in a production setting. Use a production WSGI or ASGI server instead.
For more information on production servers see: https://docs.djangoproject.com/en/6.0/howto/deployment/
Watching for file changes with StatReloader
Exception in thread django-main-thread:
Traceback (most recent call last):
  File "C:\Users\amer\AppData\Local\Python\pythoncore-3.14-64\Lib\site-packages\django\core\checks\urls.py", line 136, in check_custom_error_handlers
    handler = resolver.resolve_error_handler(status_code)
  File "C:\Users\amer\AppData\Local\Python\pythoncore-3.14-64\Lib\site-packages\django\urls\resolvers.py", line 743, in resolve_error_handler
    callback = getattr(self.urlconf_module, "handler%s" % view_type, None)
                       ^^^^^^^^^^^^^^^^^^^
  File "C:\Users\amer\AppData\Local\Python\pythoncore-3.14-64\Lib\site-packages\django\utils\functional.py", line 47, in __get__
    res = instance.__dict__[self.name] = self.func(instance)
                                         ~~~~~~~~~^^^^^^^^^^
  File "C:\Users\amer\AppData\Local\Python\pythoncore-3.14-64\Lib\site-packages\django\urls\resolvers.py", line 722, in urlconf_module
    return import_module(self.urlconf_name)
  File "C:\Users\amer\AppData\Local\Python\pythoncore-3.14-64\Lib\importlib\__init__.py", line 88, in import_module
    return _bootstrap._gcd_import(name[level:], package, level)
           ~~~~~~~~~~~~~~~~~~~~~~^^^^^^^^^^^^^^^^^^^^^^^^^^^^^^
  File "<frozen importlib._bootstrap>", line 1398, in _gcd_import
  File "<frozen importlib._bootstrap>", line 1371, in _find_and_load
  File "<frozen importlib._bootstrap>", line 1342, in _find_and_load_unlocked
  File "<frozen importlib._bootstrap>", line 938, in _load_unlocked
  File "<frozen importlib._bootstrap_external>", line 759, in exec_module
  File "<frozen importlib._bootstrap>", line 491, in _call_with_frames_removed
  File "C:\Users\amer\Desktop\JOPCA\banking_dcpr\banking_dcpr\urls.py", line 7, in <module>
    from core.views import (
    ...<30 lines>...
    )
ImportError: cannot import name 'get_unreconciled_transactions' from 'core.views' (C:\Users\amer\Desktop\JOPCA\banking_dcpr\core\views.py)

During handling of the above exception, another exception occurred:

Traceback (most recent call last):
  File "C:\Users\amer\AppData\Local\Python\pythoncore-3.14-64\Lib\threading.py", line 1082, in _bootstrap_inner
    self._context.run(self.run)
    ~~~~~~~~~~~~~~~~~^^^^^^^^^^
  File "C:\Users\amer\AppData\Local\Python\pythoncore-3.14-64\Lib\threading.py", line 1024, in run
    self._target(*self._args, **self._kwargs)
    ~~~~~~~~~~~~^^^^^^^^^^^^^^^^^^^^^^^^^^^^^
  File "C:\Users\amer\AppData\Local\Python\pythoncore-3.14-64\Lib\site-packages\django\utils\autoreload.py", line 64, in wrapper
    fn(*args, **kwargs)
    ~~^^^^^^^^^^^^^^^^^
  File "C:\Users\amer\AppData\Local\Python\pythoncore-3.14-64\Lib\site-packages\django\core\management\commands\runserver.py", line 134, in inner_run
    self.check(**check_kwargs)
    ~~~~~~~~~~^^^^^^^^^^^^^^^^
  File "C:\Users\amer\AppData\Local\Python\pythoncore-3.14-64\Lib\site-packages\django\core\management\base.py", line 496, in check
    all_issues = checks.run_checks(
        app_configs=app_configs,
    ...<2 lines>...
        databases=databases,
    )
  File "C:\Users\amer\AppData\Local\Python\pythoncore-3.14-64\Lib\site-packages\django\core\checks\registry.py", line 89, in run_checks
    new_errors = check(app_configs=app_configs, databases=databases)
  File "C:\Users\amer\AppData\Local\Python\pythoncore-3.14-64\Lib\site-packages\django\core\checks\urls.py", line 138, in check_custom_error_handlers
    path = getattr(resolver.urlconf_module, "handler%s" % status_code)
                   ^^^^^^^^^^^^^^^^^^^^^^^
  File "C:\Users\amer\AppData\Local\Python\pythoncore-3.14-64\Lib\site-packages\django\utils\functional.py", line 47, in __get__
    res = instance.__dict__[self.name] = self.func(instance)
                                         ~~~~~~~~~^^^^^^^^^^
  File "C:\Users\amer\AppData\Local\Python\pythoncore-3.14-64\Lib\site-packages\django\urls\resolvers.py", line 722, in urlconf_module
    return import_module(self.urlconf_name)
  File "C:\Users\amer\AppData\Local\Python\pythoncore-3.14-64\Lib\importlib\__init__.py", line 88, in import_module
    return _bootstrap._gcd_import(name[level:], package, level)
           ~~~~~~~~~~~~~~~~~~~~~~^^^^^^^^^^^^^^^^^^^^^^^^^^^^^^
  File "<frozen importlib._bootstrap>", line 1398, in _gcd_import
  File "<frozen importlib._bootstrap>", line 1371, in _find_and_load
  File "<frozen importlib._bootstrap>", line 1342, in _find_and_load_unlocked
  File "<frozen importlib._bootstrap>", line 938, in _load_unlocked
  File "<frozen importlib._bootstrap_external>", line 759, in exec_module
  File "<frozen importlib._bootstrap>", line 491, in _call_with_frames_removed
  File "C:\Users\amer\Desktop\JOPCA\banking_dcpr\banking_dcpr\urls.py", line 7, in <module>
    from core.views import (
    ...<30 lines>...
    )
ImportError: cannot import name 'get_unreconciled_transactions' from 'core.views' (C:\Users\amer\Desktop\JOPCA\banking_dcpr\core\views.py)
C:\Users\amer\Desktop\JOPCA\banking_dcpr\banking_dcpr\urls.py changed, reloading.
Performing system checks...

Watching for file changes with StatReloader
Exception in thread django-main-thread:
Traceback (most recent call last):
  File "C:\Users\amer\AppData\Local\Python\pythoncore-3.14-64\Lib\threading.py", line 1082, in _bootstrap_inner
    self._context.run(self.run)
    ~~~~~~~~~~~~~~~~~^^^^^^^^^^
  File "C:\Users\amer\AppData\Local\Python\pythoncore-3.14-64\Lib\threading.py", line 1024, in run
    self._target(*self._args, **self._kwargs)
    ~~~~~~~~~~~~^^^^^^^^^^^^^^^^^^^^^^^^^^^^^
  File "C:\Users\amer\AppData\Local\Python\pythoncore-3.14-64\Lib\site-packages\django\utils\autoreload.py", line 64, in wrapper
    fn(*args, **kwargs)
    ~~^^^^^^^^^^^^^^^^^
  File "C:\Users\amer\AppData\Local\Python\pythoncore-3.14-64\Lib\site-packages\django\core\management\commands\runserver.py", line 134, in inner_run
    self.check(**check_kwargs)
    ~~~~~~~~~~^^^^^^^^^^^^^^^^
  File "C:\Users\amer\AppData\Local\Python\pythoncore-3.14-64\Lib\site-packages\django\core\management\base.py", line 496, in check
    all_issues = checks.run_checks(
        app_configs=app_configs,
    ...<2 lines>...
        databases=databases,
    )
  File "C:\Users\amer\AppData\Local\Python\pythoncore-3.14-64\Lib\site-packages\django\core\checks\registry.py", line 89, in run_checks
    new_errors = check(app_configs=app_configs, databases=databases)
  File "C:\Users\amer\AppData\Local\Python\pythoncore-3.14-64\Lib\site-packages\django\core\checks\urls.py", line 136, in check_custom_error_handlers
    handler = resolver.resolve_error_handler(status_code)
  File "C:\Users\amer\AppData\Local\Python\pythoncore-3.14-64\Lib\site-packages\django\urls\resolvers.py", line 743, in resolve_error_handler
    callback = getattr(self.urlconf_module, "handler%s" % view_type, None)
                       ^^^^^^^^^^^^^^^^^^^
  File "C:\Users\amer\AppData\Local\Python\pythoncore-3.14-64\Lib\site-packages\django\utils\functional.py", line 47, in __get__
    res = instance.__dict__[self.name] = self.func(instance)
                                         ~~~~~~~~~^^^^^^^^^^
  File "C:\Users\amer\AppData\Local\Python\pythoncore-3.14-64\Lib\site-packages\django\urls\resolvers.py", line 722, in urlconf_module
    return import_module(self.urlconf_name)
  File "C:\Users\amer\AppData\Local\Python\pythoncore-3.14-64\Lib\importlib\__init__.py", line 88, in import_module
    return _bootstrap._gcd_import(name[level:], package, level)
           ~~~~~~~~~~~~~~~~~~~~~~^^^^^^^^^^^^^^^^^^^^^^^^^^^^^^
  File "<frozen importlib._bootstrap>", line 1398, in _gcd_import
  File "<frozen importlib._bootstrap>", line 1371, in _find_and_load
  File "<frozen importlib._bootstrap>", line 1342, in _find_and_load_unlocked
  File "<frozen importlib._bootstrap>", line 938, in _load_unlocked
  File "<frozen importlib._bootstrap_external>", line 759, in exec_module
  File "<frozen importlib._bootstrap>", line 491, in _call_with_frames_removed
  File "C:\Users\amer\Desktop\JOPCA\banking_dcpr\banking_dcpr\urls.py", line 68, in <module>
    path('api/reconciliation/unreconciled/', get_unreconciled_transactions, name='get_unreconciled'),
                                             ^^^^^^^^^^^^^^^^^^^^^^^^^^^^^
NameError: name 'get_unreconciled_transactions' is not defined
C:\Users\amer\Desktop\JOPCA\banking_dcpr\banking_dcpr\urls.py changed, reloading.
Performing system checks...

Watching for file changes with StatReloader
System check identified some issues:

WARNINGS:
?: (staticfiles.W004) The directory 'C:\Users\amer\Desktop\JOPCA\banking_dcpr\frontend_admin\dist' in the STATICFILES_DIRS setting does not exist.
?: (staticfiles.W004) The directory 'C:\Users\amer\Desktop\JOPCA\banking_dcpr\static' in the STATICFILES_DIRS setting does not exist.

System check identified 2 issues (0 silenced).
[19/Mar/2026 22:33:49] "GET /admin/ HTTP/1.1" 200 16157
[19/Mar/2026 22:33:50] "GET /admin/ HTTP/1.1" 200 16157
[19/Mar/2026 22:33:50] "GET /admin/ HTTP/1.1" 200 16157
[19/Mar/2026 22:33:51] "GET /admin/ HTTP/1.1" 200 16157
[19/Mar/2026 22:39:04] "POST /api-token-auth/ HTTP/1.1" 200 52
[19/Mar/2026 22:39:04] "GET /pdc/ HTTP/1.1" 200 2195
[19/Mar/2026 22:39:04] "GET /summary/pcf-alerts/ HTTP/1.1" 200 164
[19/Mar/2026 22:39:04] "GET /pdc/ HTTP/1.1" 200 2195
[19/Mar/2026 22:39:04] "GET /summary/pcf-alerts/ HTTP/1.1" 200 164
[19/Mar/2026 22:39:04] "GET /summary/detailed-daily/ HTTP/1.1" 200 2349
[19/Mar/2026 22:39:04] "GET /summary/detailed-monthly/?month=2026-03 HTTP/1.1" 200 1857
[19/Mar/2026 22:39:04] "GET /summary/detailed-daily/ HTTP/1.1" 200 2349
[19/Mar/2026 22:39:05] "GET /bankaccounts/ HTTP/1.1" 200 770
[19/Mar/2026 22:39:05] "GET /bankaccounts/ HTTP/1.1" 200 770
[19/Mar/2026 22:39:05] "GET /bankaccounts/ HTTP/1.1" 200 770
[19/Mar/2026 22:39:05] "GET /bankaccounts/ HTTP/1.1" 200 770
[19/Mar/2026 22:39:05] "GET /summary/detailed-monthly/?month=2026-03 HTTP/1.1" 200 1857
